
> overseek-server@1.0.0 build
> tsc

src/routes/marketing.ts(27,59): error TS2339: Property 'user' does not exist on type 'Request<{}, any, any, ParsedQs, Record<string, any>>'.
src/routes/marketing.ts(34,59): error TS2339: Property 'user' does not exist on type 'Request<{}, any, any, ParsedQs, Record<string, any>>'.
src/routes/marketing.ts(41,71): error TS2339: Property 'user' does not exist on type 'Request<{ id: string; }, any, any, ParsedQs, Record<string, any>>'.
src/routes/marketing.ts(49,57): error TS2339: Property 'user' does not exist on type 'Request<{ id: string; }, any, any, ParsedQs, Record<string, any>>'.
src/routes/marketing.ts(56,57): error TS2339: Property 'user' does not exist on type 'Request<{ id: string; }, any, any, ParsedQs, Record<string, any>>'.
src/routes/marketing.ts(72,63): error TS2339: Property 'user' does not exist on type 'Request<{}, any, any, ParsedQs, Record<string, any>>'.
src/routes/marketing.ts(80,63): error TS2339: Property 'user' does not exist on type 'Request<{}, any, any, ParsedQs, Record<string, any>>'.
src/routes/marketing.ts(87,75): error TS2339: Property 'user' does not exist on type 'Request<{ id: string; }, any, any, ParsedQs, Record<string, any>>'.
src/routes/marketing.ts(95,59): error TS2339: Property 'user' does not exist on type 'Request<{ id: string; }, any, any, ParsedQs, Record<string, any>>'.
src/routes/marketing.ts(103,59): error TS2339: Property 'user' does not exist on type 'Request<{}, any, any, ParsedQs, Record<string, any>>'.
src/routes/marketing.ts(110,59): error TS2339: Property 'user' does not exist on type 'Request<{}, any, any, ParsedQs, Record<string, any>>'.
src/routes/marketing.ts(117,57): error TS2339: Property 'user' does not exist on type 'Request<{ id: string; }, any, any, ParsedQs, Record<string, any>>'.
npm error Lifecycle script `build` failed with error:
npm error code 2
npm error path C:\Users\ratte\Desktop\OverSeekv2\server
npm error workspace overseek-server@1.0.0
npm error location C:\Users\ratte\Desktop\OverSeekv2\server
npm error command failed
npm error command C:\windows\system32\cmd.exe /d /s /c tsc
