
> overseek-server@1.0.0 build
> tsc

src/routes/account.ts(57,69): error TS18046: 'error' is of type 'unknown'.
src/routes/marketing.ts(4,35): error TS2307: Cannot find module '../services/auth' or its corresponding type declarations.
src/routes/marketing.ts(15,59): error TS2339: Property 'user' does not exist on type 'Request<{}, any, any, ParsedQs, Record<string, any>>'.
src/routes/marketing.ts(22,59): error TS2339: Property 'user' does not exist on type 'Request<{}, any, any, ParsedQs, Record<string, any>>'.
src/routes/marketing.ts(29,71): error TS2339: Property 'user' does not exist on type 'Request<{ id: string; }, any, any, ParsedQs, Record<string, any>>'.
src/routes/marketing.ts(37,57): error TS2339: Property 'user' does not exist on type 'Request<{ id: string; }, any, any, ParsedQs, Record<string, any>>'.
src/routes/marketing.ts(44,57): error TS2339: Property 'user' does not exist on type 'Request<{ id: string; }, any, any, ParsedQs, Record<string, any>>'.
src/routes/marketing.ts(60,63): error TS2339: Property 'user' does not exist on type 'Request<{}, any, any, ParsedQs, Record<string, any>>'.
src/routes/marketing.ts(68,63): error TS2339: Property 'user' does not exist on type 'Request<{}, any, any, ParsedQs, Record<string, any>>'.
src/routes/marketing.ts(75,75): error TS2339: Property 'user' does not exist on type 'Request<{ id: string; }, any, any, ParsedQs, Record<string, any>>'.
src/routes/marketing.ts(83,59): error TS2339: Property 'user' does not exist on type 'Request<{ id: string; }, any, any, ParsedQs, Record<string, any>>'.
src/routes/marketing.ts(91,59): error TS2339: Property 'user' does not exist on type 'Request<{}, any, any, ParsedQs, Record<string, any>>'.
src/routes/marketing.ts(98,59): error TS2339: Property 'user' does not exist on type 'Request<{}, any, any, ParsedQs, Record<string, any>>'.
src/routes/marketing.ts(105,57): error TS2339: Property 'user' does not exist on type 'Request<{ id: string; }, any, any, ParsedQs, Record<string, any>>'.
src/routes/tracking.ts(5,10): error TS2614: Module '"./auth"' has no exported member 'authenticateToken'. Did you mean to use 'import authenticateToken from "./auth"' instead?
npm error Lifecycle script `build` failed with error:
npm error code 2
npm error path C:\Users\ratte\Desktop\OverSeekv2\server
npm error workspace overseek-server@1.0.0
npm error location C:\Users\ratte\Desktop\OverSeekv2\server
npm error command failed
npm error command C:\windows\system32\cmd.exe /d /s /c tsc
