src/routes/analytics.ts(21,28): error TS2304: Cannot find name 'AnalyticsService'.
src/routes/analytics.ts(31,28): error TS2304: Cannot find name 'AnalyticsService'.
src/routes/analytics.ts(39,28): error TS2304: Cannot find name 'AnalyticsService'.
src/routes/analytics.ts(48,28): error TS2304: Cannot find name 'AnalyticsService'.
src/routes/analytics.ts(56,28): error TS2304: Cannot find name 'AnalyticsService'.
src/services/woo.ts(206,13): error TS2322: Type '"overseek/v1"' is not assignable to type 'WooCommerceRestApiVersion | undefined'.
